[      17ms] [LOG] [Fast Refresh] rebuilding @ http://localhost:3005/_next/static/chunks/node_modules_next_dist_client_9bb038._.js:12439
[      72ms] [LOG] [Fast Refresh] rebuilding @ http://localhost:3005/_next/static/chunks/node_modules_next_dist_client_9bb038._.js:12439
[     483ms] [INFO] %cDownload the React DevTools for a better development experience: https://react.dev/link/react-devtools font-weight:bold @ http://localhost:3005/_next/static/chunks/node_modules_next_dist_compiled_react-dom_1f56dc._.js:13925
[     564ms] [LOG] [Fast Refresh] rebuilding @ http://localhost:3005/_next/static/chunks/node_modules_next_dist_client_9bb038._.js:12439
[    5034ms] [LOG] [Fast Refresh] rebuilding @ http://localhost:3005/_next/static/chunks/node_modules_next_dist_client_9bb038._.js:12439
[  516279ms] [LOG] [Fast Refresh] rebuilding @ http://localhost:3005/_next/static/chunks/node_modules_next_dist_client_9bb038._.js:12439
[  516311ms] [LOG] [Fast Refresh] rebuilding @ http://localhost:3005/_next/static/chunks/node_modules_next_dist_client_9bb038._.js:12439
[  516388ms] [LOG] [Fast Refresh] rebuilding @ http://localhost:3005/_next/static/chunks/node_modules_next_dist_client_9bb038._.js:12439
[  516598ms] [LOG] [Fast Refresh] rebuilding @ http://localhost:3005/_next/static/chunks/node_modules_next_dist_client_9bb038._.js:12439
[  552005ms] [LOG] [Fast Refresh] rebuilding @ http://localhost:3005/_next/static/chunks/node_modules_next_dist_client_9bb038._.js:12439
[  552044ms] [LOG] [Fast Refresh] rebuilding @ http://localhost:3005/_next/static/chunks/node_modules_next_dist_client_9bb038._.js:12439
[  552050ms] [LOG] [Fast Refresh] done in 6ms @ http://localhost:3005/_next/static/chunks/node_modules_next_dist_client_9bb038._.js:12266
[  621535ms] [LOG] [Fast Refresh] rebuilding @ http://localhost:3005/_next/static/chunks/node_modules_next_dist_client_9bb038._.js:12439
[  621567ms] [LOG] [Fast Refresh] rebuilding @ http://localhost:3005/_next/static/chunks/node_modules_next_dist_client_9bb038._.js:12439
[  621609ms] [ERROR] ./src/app/Components/ContactInfo/ContactIno3.tsx:32:6
Parsing ecmascript source code failed
  30 |
  31 |   return (
> 32 |     <div
     |      ^^^
  33 |       className="cta2 cta2-no-images"
  34 |       style={{
  35 |         position: "relative",

Unexpected token `div`. Expected jsx identifier @ http://localhost:3005/_next/static/chunks/node_modules_next_dist_client_9bb038._.js:1038
[  638597ms] [LOG] [Fast Refresh] rebuilding @ http://localhost:3005/_next/static/chunks/node_modules_next_dist_client_9bb038._.js:12439
[  638638ms] [ERROR] ./src/app/Components/ContactInfo/ContactIno3.tsx:32:6
Parsing ecmascript source code failed
  30 |
  31 |   return (
> 32 |     <div
     |      ^^^
  33 |       className="cta2 cta2-no-images"
  34 |       style={{
  35 |         position: "relative",

Unexpected token `div`. Expected jsx identifier @ http://localhost:3005/_next/static/chunks/node_modules_next_dist_client_9bb038._.js:1038
[  638642ms] [LOG] [Fast Refresh] rebuilding @ http://localhost:3005/_next/static/chunks/node_modules_next_dist_client_9bb038._.js:12439
[  638654ms] [LOG] [Fast Refresh] done in 12ms @ http://localhost:3005/_next/static/chunks/node_modules_next_dist_client_9bb038._.js:12266
[  638669ms] [LOG] [Fast Refresh] rebuilding @ http://localhost:3005/_next/static/chunks/node_modules_next_dist_client_9bb038._.js:12439
[  638737ms] [LOG] [Fast Refresh] rebuilding @ http://localhost:3005/_next/static/chunks/node_modules_next_dist_client_9bb038._.js:12439
[  638934ms] [LOG] [Fast Refresh] rebuilding @ http://localhost:3005/_next/static/chunks/node_modules_next_dist_client_9bb038._.js:12439
