[    1203ms] [ERROR] Failed to load resource: the server responded with a status of 500 (Internal Server Error) @ http://localhost:3005/servicios/seo-local-prueba:0
[    1295ms] [INFO] %cDownload the React DevTools for a better development experience: https://react.dev/link/react-devtools font-weight:bold @ http://localhost:3005/_next/static/chunks/node_modules_react-dom_82bb97._.js:13925
[    1322ms] Error: ./src/app/Components/Footer/Footer1.tsx:12:6
Parsing ecmascript source code failed
  10 | const Footer1: FC<Footer1Props> = ({ addclass, footerlogo }) => {
  11 |   return (
> 12 |     <div
     |      ^^^
  13 |       className={addclass}
  14 |       style={{
  15 |         backgroundImage: 'url(/assets/img/bg/cta3-bg.jpg)',

Unexpected token `div`. Expected jsx identifier


    at <unknown> (Error: ./src/app/Components/Footer/Footer1.tsx:12:6)
    at Object.getCompilationErrors (file://E:\git\app\interno\ioranaseo\node_modules\next\dist\server\dev\hot-reloader-turbopack.js:665:37)
    at DevBundlerService.getCompilationError (file://E:\git\app\interno\ioranaseo\node_modules\next\dist\server\lib\dev-bundler-service.js:41:55)
    at DevServer.getCompilationError (file://E:\git\app\interno\ioranaseo\node_modules\next\dist\server\dev\next-dev-server.js:631:42)
    at DevServer.findPageComponents (file://E:\git\app\interno\ioranaseo\node_modules\next\dist\server\dev\next-dev-server.js:595:43)
    at async DevServer.renderErrorToResponseImpl (file://E:\git\app\interno\ioranaseo\node_modules\next\dist\server\base-server.js:2447:26)
[    1316ms] [LOG] [HMR] connected @ http://localhost:3005/_next/static/chunks/%5Broot%20of%20the%20server%5D__14669f._.js:9168
[    1320ms] [ERROR] ./src/app/Components/Footer/Footer1.tsx:12:6
Parsing ecmascript source code failed
  10 | const Footer1: FC<Footer1Props> = ({ addclass, footerlogo }) => {
  11 |   return (
> 12 |     <div
     |      ^^^
  13 |       className={addclass}
  14 |       style={{
  15 |         backgroundImage: 'url(/assets/img/bg/cta3-bg.jpg)',

Unexpected token `div`. Expected jsx identifier @ http://localhost:3005/_next/static/chunks/%5Broot%20of%20the%20server%5D__14669f._.js:18560
[    1326ms] [LOG] [Fast Refresh] rebuilding @ http://localhost:3005/_next/static/chunks/%5Broot%20of%20the%20server%5D__14669f._.js:19727
[    1443ms] [ERROR] Failed to load resource: the server responded with a status of 500 (Internal Server Error) @ http://localhost:3005/favicon.ico:0
[    1445ms] [ERROR] ./src/app/Components/Footer/Footer1.tsx:12:6
Parsing ecmascript source code failed
  10 | const Footer1: FC<Footer1Props> = ({ addclass, footerlogo }) => {
  11 |   return (
> 12 |     <div
     |      ^^^
  13 |       className={addclass}
  14 |       style={{
  15 |         backgroundImage: 'url(/assets/img/bg/cta3-bg.jpg)',

Unexpected token `div`. Expected jsx identifier @ http://localhost:3005/_next/static/chunks/%5Broot%20of%20the%20server%5D__14669f._.js:18560
[    1453ms] [LOG] [Fast Refresh] rebuilding @ http://localhost:3005/_next/static/chunks/%5Broot%20of%20the%20server%5D__14669f._.js:19727
[    1484ms] [ERROR] ./src/app/Components/Footer/Footer1.tsx:12:6
Parsing ecmascript source code failed
  10 | const Footer1: FC<Footer1Props> = ({ addclass, footerlogo }) => {
  11 |   return (
> 12 |     <div
     |      ^^^
  13 |       className={addclass}
  14 |       style={{
  15 |         backgroundImage: 'url(/assets/img/bg/cta3-bg.jpg)',

Unexpected token `div`. Expected jsx identifier @ http://localhost:3005/_next/static/chunks/%5Broot%20of%20the%20server%5D__14669f._.js:18560
[    9176ms] [LOG] [Fast Refresh] rebuilding @ http://localhost:3005/_next/static/chunks/%5Broot%20of%20the%20server%5D__14669f._.js:19727
[    9244ms] [ERROR] ./src/app/Components/Footer/Footer1.tsx:12:6
Parsing ecmascript source code failed
  10 | const Footer1: FC<Footer1Props> = ({ addclass, footerlogo }) => {
  11 |   return (
> 12 |     <div
     |      ^^^
  13 |       className={addclass}
  14 |       style={{
  15 |         backgroundImage: 'url(/assets/img/bg/cta3-bg.jpg)',

Unexpected token `div`. Expected jsx identifier @ http://localhost:3005/_next/static/chunks/%5Broot%20of%20the%20server%5D__14669f._.js:18560
[    9309ms] [LOG] [Fast Refresh] rebuilding @ http://localhost:3005/_next/static/chunks/%5Broot%20of%20the%20server%5D__14669f._.js:19727
[    9339ms] [ERROR] ./src/app/Components/Footer/Footer1.tsx:12:6
Parsing ecmascript source code failed
  10 | const Footer1: FC<Footer1Props> = ({ addclass, footerlogo }) => {
  11 |   return (
> 12 |     <div
     |      ^^^
  13 |       className={addclass}
  14 |       style={{
  15 |         backgroundImage: 'url(/assets/img/bg/cta3-bg.jpg)',

Unexpected token `div`. Expected jsx identifier @ http://localhost:3005/_next/static/chunks/%5Broot%20of%20the%20server%5D__14669f._.js:18560
[   28820ms] [LOG] [Fast Refresh] rebuilding @ http://localhost:3005/_next/static/chunks/%5Broot%20of%20the%20server%5D__14669f._.js:19727
[   28857ms] [ERROR] ./src/app/Components/Footer/Footer1.tsx:12:6
Parsing ecmascript source code failed
  10 | const Footer1: FC<Footer1Props> = ({ addclass, footerlogo }) => {
  11 |   return (
> 12 |     <div
     |      ^^^
  13 |       className={addclass}
  14 |       style={{
  15 |         backgroundImage: 'url(/assets/img/bg/cta3-bg.jpg)',

Unexpected token `div`. Expected jsx identifier @ http://localhost:3005/_next/static/chunks/%5Broot%20of%20the%20server%5D__14669f._.js:18560
[   28857ms] [LOG] [Fast Refresh] rebuilding @ http://localhost:3005/_next/static/chunks/%5Broot%20of%20the%20server%5D__14669f._.js:19727
[   28889ms] [ERROR] ./src/app/Components/Footer/Footer1.tsx:12:6
Parsing ecmascript source code failed
  10 | const Footer1: FC<Footer1Props> = ({ addclass, footerlogo }) => {
  11 |   return (
> 12 |     <div
     |      ^^^
  13 |       className={addclass}
  14 |       style={{
  15 |         backgroundImage: "url(/assets/img/bg/cta3-bg.jpg)",

Unexpected token `div`. Expected jsx identifier @ http://localhost:3005/_next/static/chunks/%5Broot%20of%20the%20server%5D__14669f._.js:18560
