[      13ms] [LOG] [Fast Refresh] rebuilding @ http://localhost:3005/_next/static/chunks/node_modules_next_dist_client_9bb038._.js:12439
[      68ms] [LOG] [Fast Refresh] rebuilding @ http://localhost:3005/_next/static/chunks/node_modules_next_dist_client_9bb038._.js:12439
[     459ms] [INFO] %cDownload the React DevTools for a better development experience: https://react.dev/link/react-devtools font-weight:bold @ http://localhost:3005/_next/static/chunks/node_modules_next_dist_compiled_react-dom_1f56dc._.js:13925
[     529ms] [LOG] [Fast Refresh] rebuilding @ http://localhost:3005/_next/static/chunks/node_modules_next_dist_client_9bb038._.js:12439
[    6374ms] [LOG] [Fast Refresh] rebuilding @ http://localhost:3005/_next/static/chunks/node_modules_next_dist_client_9bb038._.js:12439
[   23508ms] [LOG] [Fast Refresh] rebuilding @ http://localhost:3005/_next/static/chunks/node_modules_next_dist_client_9bb038._.js:12439
[   23551ms] [LOG] [Fast Refresh] done in 43ms @ http://localhost:3005/_next/static/chunks/node_modules_next_dist_client_9bb038._.js:12266
[   43265ms] [LOG] [Fast Refresh] rebuilding @ http://localhost:3005/_next/static/chunks/node_modules_next_dist_client_9bb038._.js:12439
[   43303ms] [LOG] [Fast Refresh] rebuilding @ http://localhost:3005/_next/static/chunks/node_modules_next_dist_client_9bb038._.js:12439
[   43311ms] [LOG] [Fast Refresh] done in 8ms @ http://localhost:3005/_next/static/chunks/node_modules_next_dist_client_9bb038._.js:12266
[   92725ms] [LOG] [Fast Refresh] rebuilding @ http://localhost:3005/_next/static/chunks/node_modules_next_dist_client_9bb038._.js:12439
[   92762ms] [LOG] [Fast Refresh] rebuilding @ http://localhost:3005/_next/static/chunks/node_modules_next_dist_client_9bb038._.js:12439
[   92774ms] [LOG] [Fast Refresh] done in 13ms @ http://localhost:3005/_next/static/chunks/node_modules_next_dist_client_9bb038._.js:12266
[  154008ms] [LOG] [Fast Refresh] rebuilding @ http://localhost:3005/_next/static/chunks/node_modules_next_dist_client_9bb038._.js:12439
[  154049ms] [LOG] [Fast Refresh] done in 40ms @ http://localhost:3005/_next/static/chunks/node_modules_next_dist_client_9bb038._.js:12266
[  171850ms] [LOG] [Fast Refresh] rebuilding @ http://localhost:3005/_next/static/chunks/node_modules_next_dist_client_9bb038._.js:12439
[  171899ms] [LOG] [Fast Refresh] rebuilding @ http://localhost:3005/_next/static/chunks/node_modules_next_dist_client_9bb038._.js:12439
[  171913ms] [LOG] [Fast Refresh] done in 13ms @ http://localhost:3005/_next/static/chunks/node_modules_next_dist_client_9bb038._.js:12266
[  188960ms] [LOG] [Fast Refresh] rebuilding @ http://localhost:3005/_next/static/chunks/node_modules_next_dist_client_9bb038._.js:12439
[  189004ms] [LOG] [Fast Refresh] done in 43ms @ http://localhost:3005/_next/static/chunks/node_modules_next_dist_client_9bb038._.js:12266
[  251996ms] [LOG] [Fast Refresh] rebuilding @ http://localhost:3005/_next/static/chunks/node_modules_next_dist_client_9bb038._.js:12439
[  252119ms] [LOG] [Fast Refresh] rebuilding @ http://localhost:3005/_next/static/chunks/node_modules_next_dist_client_9bb038._.js:12439
[  252325ms] [LOG] [Fast Refresh] rebuilding @ http://localhost:3005/_next/static/chunks/node_modules_next_dist_client_9bb038._.js:12439
[  699043ms] [LOG] [Fast Refresh] rebuilding @ http://localhost:3005/_next/static/chunks/node_modules_next_dist_client_9bb038._.js:12439
[  699079ms] [LOG] [Fast Refresh] done in 36ms @ http://localhost:3005/_next/static/chunks/node_modules_next_dist_client_9bb038._.js:12266
[  699116ms] [LOG] [Fast Refresh] rebuilding @ http://localhost:3005/_next/static/chunks/node_modules_next_dist_client_9bb038._.js:12439
[  699215ms] [LOG] [Fast Refresh] rebuilding @ http://localhost:3005/_next/static/chunks/node_modules_next_dist_client_9bb038._.js:12439
[  699444ms] [LOG] [Fast Refresh] rebuilding @ http://localhost:3005/_next/static/chunks/node_modules_next_dist_client_9bb038._.js:12439
[  774927ms] [LOG] [Fast Refresh] rebuilding @ http://localhost:3005/_next/static/chunks/node_modules_next_dist_client_9bb038._.js:12439
