[      12ms] [LOG] [Fast Refresh] rebuilding @ http://localhost:3005/_next/static/chunks/node_modules_next_dist_client_9bb038._.js:12439
[      65ms] [LOG] [Fast Refresh] rebuilding @ http://localhost:3005/_next/static/chunks/node_modules_next_dist_client_9bb038._.js:12439
[     442ms] [INFO] %cDownload the React DevTools for a better development experience: https://react.dev/link/react-devtools font-weight:bold @ http://localhost:3005/_next/static/chunks/node_modules_next_dist_compiled_react-dom_1f56dc._.js:13925
[     522ms] [LOG] [Fast Refresh] rebuilding @ http://localhost:3005/_next/static/chunks/node_modules_next_dist_client_9bb038._.js:12439
[    4713ms] [LOG] [Fast Refresh] rebuilding @ http://localhost:3005/_next/static/chunks/node_modules_next_dist_client_9bb038._.js:12439
[   42418ms] [LOG] [Fast Refresh] rebuilding @ http://localhost:3005/_next/static/chunks/node_modules_next_dist_client_9bb038._.js:12439
[   42753ms] [LOG] [Fast Refresh] rebuilding @ http://localhost:3005/_next/static/chunks/node_modules_next_dist_client_9bb038._.js:12439
[   49295ms] [LOG] [Fast Refresh] rebuilding @ http://localhost:3005/_next/static/chunks/node_modules_next_dist_client_9bb038._.js:12439
[   49334ms] [LOG] [Fast Refresh] rebuilding @ http://localhost:3005/_next/static/chunks/node_modules_next_dist_client_9bb038._.js:12439
[   49517ms] [LOG] [Fast Refresh] done in 183ms @ http://localhost:3005/_next/static/chunks/node_modules_next_dist_client_9bb038._.js:12266
[   60124ms] [LOG] [Fast Refresh] rebuilding @ http://localhost:3005/_next/static/chunks/node_modules_next_dist_client_9bb038._.js:12439
[   60320ms] [LOG] [Fast Refresh] done in 196ms @ http://localhost:3005/_next/static/chunks/node_modules_next_dist_client_9bb038._.js:12266
[   66972ms] [LOG] [Fast Refresh] rebuilding @ http://localhost:3005/_next/static/chunks/node_modules_next_dist_client_9bb038._.js:12439
[   67005ms] [LOG] [Fast Refresh] rebuilding @ http://localhost:3005/_next/static/chunks/node_modules_next_dist_client_9bb038._.js:12439
[   67191ms] [LOG] [Fast Refresh] done in 187ms @ http://localhost:3005/_next/static/chunks/node_modules_next_dist_client_9bb038._.js:12266
[   74191ms] [LOG] [Fast Refresh] rebuilding @ http://localhost:3005/_next/static/chunks/node_modules_next_dist_client_9bb038._.js:12439
[   74225ms] [LOG] [Fast Refresh] rebuilding @ http://localhost:3005/_next/static/chunks/node_modules_next_dist_client_9bb038._.js:12439
[   74419ms] [LOG] [Fast Refresh] done in 194ms @ http://localhost:3005/_next/static/chunks/node_modules_next_dist_client_9bb038._.js:12266
[   81292ms] [LOG] [Fast Refresh] rebuilding @ http://localhost:3005/_next/static/chunks/node_modules_next_dist_client_9bb038._.js:12439
[   81327ms] [LOG] [Fast Refresh] rebuilding @ http://localhost:3005/_next/static/chunks/node_modules_next_dist_client_9bb038._.js:12439
[   81513ms] [LOG] [Fast Refresh] done in 186ms @ http://localhost:3005/_next/static/chunks/node_modules_next_dist_client_9bb038._.js:12266
