[      12ms] [LOG] [Fast Refresh] rebuilding @ http://localhost:3005/_next/static/chunks/%5Broot%20of%20the%20server%5D__14669f._.js:19727
[      81ms] [ERROR] Failed to load resource: the server responded with a status of 500 (Internal Server Error) @ http://localhost:3005/servicios/seo-local-prueba:0
[     128ms] [INFO] %cDownload the React DevTools for a better development experience: https://react.dev/link/react-devtools font-weight:bold @ http://localhost:3005/_next/static/chunks/node_modules_react-dom_82bb97._.js:13925
[     144ms] Error: ./src/app/Components/Footer/Footer1.tsx:12:6
Parsing ecmascript source code failed
  10 | const Footer1: FC<Footer1Props> = ({ addclass, footerlogo }) => {
  11 |   return (
> 12 |     <div
     |      ^^^
  13 |       className={addclass}
  14 |       style={{
  15 |         backgroundImage: "url(/assets/img/bg/cta3-bg.jpg)",

Unexpected token `div`. Expected jsx identifier


    at <unknown> (Error: ./src/app/Components/Footer/Footer1.tsx:12:6)
    at Object.getCompilationErrors (file://E:\git\app\interno\ioranaseo\node_modules\next\dist\server\dev\hot-reloader-turbopack.js:665:37)
    at DevBundlerService.getCompilationError (file://E:\git\app\interno\ioranaseo\node_modules\next\dist\server\lib\dev-bundler-service.js:41:55)
    at DevServer.getCompilationError (file://E:\git\app\interno\ioranaseo\node_modules\next\dist\server\dev\next-dev-server.js:631:42)
    at DevServer.findPageComponents (file://E:\git\app\interno\ioranaseo\node_modules\next\dist\server\dev\next-dev-server.js:595:43)
    at async DevServer.renderErrorToResponseImpl (file://E:\git\app\interno\ioranaseo\node_modules\next\dist\server\base-server.js:2447:26)
[     142ms] [LOG] [HMR] connected @ http://localhost:3005/_next/static/chunks/%5Broot%20of%20the%20server%5D__14669f._.js:9168
[     144ms] [ERROR] ./src/app/Components/Footer/Footer1.tsx:12:6
Parsing ecmascript source code failed
  10 | const Footer1: FC<Footer1Props> = ({ addclass, footerlogo }) => {
  11 |   return (
> 12 |     <div
     |      ^^^
  13 |       className={addclass}
  14 |       style={{
  15 |         backgroundImage: "url(/assets/img/bg/cta3-bg.jpg)",

Unexpected token `div`. Expected jsx identifier @ http://localhost:3005/_next/static/chunks/%5Broot%20of%20the%20server%5D__14669f._.js:18560
[     145ms] [LOG] [Fast Refresh] rebuilding @ http://localhost:3005/_next/static/chunks/%5Broot%20of%20the%20server%5D__14669f._.js:19727
[     203ms] [ERROR] Failed to load resource: the server responded with a status of 500 (Internal Server Error) @ http://localhost:3005/favicon.ico:0
[     239ms] [ERROR] ./src/app/Components/Footer/Footer1.tsx:12:6
Parsing ecmascript source code failed
  10 | const Footer1: FC<Footer1Props> = ({ addclass, footerlogo }) => {
  11 |   return (
> 12 |     <div
     |      ^^^
  13 |       className={addclass}
  14 |       style={{
  15 |         backgroundImage: "url(/assets/img/bg/cta3-bg.jpg)",

Unexpected token `div`. Expected jsx identifier @ http://localhost:3005/_next/static/chunks/%5Broot%20of%20the%20server%5D__14669f._.js:18560
[    4733ms] [LOG] [Fast Refresh] rebuilding @ http://localhost:3005/_next/static/chunks/%5Broot%20of%20the%20server%5D__14669f._.js:19727
[    4764ms] [ERROR] ./src/app/Components/Footer/Footer1.tsx:12:6
Parsing ecmascript source code failed
  10 | const Footer1: FC<Footer1Props> = ({ addclass, footerlogo }) => {
  11 |   return (
> 12 |     <div
     |      ^^^
  13 |       className={addclass}
  14 |       style={{
  15 |         backgroundImage: "url(/assets/img/bg/cta3-bg.jpg)",

Unexpected token `div`. Expected jsx identifier @ http://localhost:3005/_next/static/chunks/%5Broot%20of%20the%20server%5D__14669f._.js:18560
[   25708ms] [LOG] [Fast Refresh] rebuilding @ http://localhost:3005/_next/static/chunks/%5Broot%20of%20the%20server%5D__14669f._.js:19727
[   25832ms] [LOG] [Fast Refresh] rebuilding @ http://localhost:3005/_next/static/chunks/%5Broot%20of%20the%20server%5D__14669f._.js:19727
[   25832ms] [ERROR] Failed to load resource: the server responded with a status of 500 (Internal Server Error) @ http://localhost:3005/__nextjs_original-stack-frame?isServer=true&isEdgeServer=false&isAppDirectory=false&errorMessage=Error%3A+.%2Fsrc%2Fapp%2FComponents%2FFooter%2FFooter1.tsx%3A12%3A6%0AParsing+ecmascript+source+code+failed%0A++10+%7C+const+Footer1%3A+FC%3CFooter1Props%3E+%3D+%28%7B+addclass%2C+footerlogo+%7D%29+%3D%3E+%7B%0A++11+%7C+++return+%28%0A%3E+12+%7C+++++%3Cdiv%0A+++++%7C++++++%5E%5E%5E%0A++13+%7C+++++++className%3D%7Baddclass%7D%0A++14+%7C+++++++style%3D%7B%7B%0A++15+%7C+++++++++backgroundImage%3A+%22url%28%2Fassets%2Fimg%2Fbg%2Fcta3-bg.jpg%29%22%2C%0A%0AUnexpected+token+%60div%60.+Expected+jsx+identifier%0A%0A&file=Error%3A+.%2Fsrc%2Fapp%2FComponents%2FFooter%2FFooter1.tsx&methodName=%3Cunknown%3E&arguments=&lineNumber=12&column=6:0
[   25833ms] [ERROR] Failed to load resource: the server responded with a status of 404 (Not Found) @ http://localhost:3005/__nextjs_original-stack-frame?isServer=true&isEdgeServer=false&isAppDirectory=false&errorMessage=Error%3A+.%2Fsrc%2Fapp%2FComponents%2FFooter%2FFooter1.tsx%3A12%3A6%0AParsing+ecmascript+source+code+failed%0A++10+%7C+const+Footer1%3A+FC%3CFooter1Props%3E+%3D+%28%7B+addclass%2C+footerlogo+%7D%29+%3D%3E+%7B%0A++11+%7C+++return+%28%0A%3E+12+%7C+++++%3Cdiv%0A+++++%7C++++++%5E%5E%5E%0A++13+%7C+++++++className%3D%7Baddclass%7D%0A++14+%7C+++++++style%3D%7B%7B%0A++15+%7C+++++++++backgroundImage%3A+%22url%28%2Fassets%2Fimg%2Fbg%2Fcta3-bg.jpg%29%22%2C%0A%0AUnexpected+token+%60div%60.+Expected+jsx+identifier%0A%0A&file=.%2Fsrc%2Fapp%2FComponents%2FFooter%2FFooter1.tsx&methodName=%3Cunknown%3E+%28Error%3A&arguments=&lineNumber=12&column=6:0
[   26070ms] [LOG] [Fast Refresh] rebuilding @ http://localhost:3005/_next/static/chunks/%5Broot%20of%20the%20server%5D__14669f._.js:19727
[   26352ms] [INFO] %cDownload the React DevTools for a better development experience: https://react.dev/link/react-devtools font-weight:bold @ http://localhost:3005/_next/static/chunks/node_modules_next_dist_compiled_react-dom_1f56dc._.js:13925
